Log file open, 07/05/17 17:37:53
LogInit:Display: Running engine for game: demogra
LogPlatformFile: Not using cached read wrapper
LogInit:Display: RandInit(1949730449) SRandInit(1949730449).
LogTaskGraph: Started task graph with 5 named threads and 6 total threads with 1 sets of task threads.
LogStats: Stats thread started at 0.129960
LogInit: Using libcurl 7.47.1
LogInit:  - built for x86_64-pc-win32
LogInit:  - supports SSL with OpenSSL/1.0.2g
LogInit:  - supports HTTP deflate (compression) using libz 1.2.8
LogInit:  - other features:
LogInit:      CURL_VERSION_SSL
LogInit:      CURL_VERSION_LIBZ
LogInit:      CURL_VERSION_IPV6
LogInit:      CURL_VERSION_ASYNCHDNS
LogInit:      CURL_VERSION_LARGEFILE
LogInit:      CURL_VERSION_IDN
LogInit:  CurlRequestOptions (configurable via config and command line):
LogInit:  - bVerifyPeer = false  - Libcurl will NOT verify peer certificate
LogInit:  - bUseHttpProxy = false  - Libcurl will NOT use HTTP proxy
LogInit:  - bDontReuseConnections = false  - Libcurl will reuse connections
LogInit:  - CertBundlePath = nullptr  - Libcurl will use whatever was configured at build time.
LogInit: Build: ++UE4+Release-4.16-CL-3514769
LogInit: Engine Version: 4.16.2-3514769+++UE4+Release-4.16
LogInit: Compatible Engine Version: 4.16.0-3452394+++UE4+Release-4.16
LogInit: Net CL: 3452394
LogDevObjectVersion: Number of dev versions registered: 16
LogDevObjectVersion:   Dev-Blueprints (B0D832E4-1F89-4F0D-ACCF-7EB736FD4AA2): 9
LogDevObjectVersion:   Dev-Build (E1C64328-A22C-4D53-A36C-8E866417BD8C): 0
LogDevObjectVersion:   Dev-Core (375EC13C-06E4-48FB-B500-84F0262A717E): 2
LogDevObjectVersion:   Dev-Editor (E4B068ED-F494-42E9-A231-DA0B2E46BB41): 17
LogDevObjectVersion:   Dev-Framework (CFFC743F-43B0-4480-9391-14DF171D2073): 23
LogDevObjectVersion:   Dev-Mobile (B02B49B5-BB20-44E9-A304-32B752E40360): 0
LogDevObjectVersion:   Dev-Networking (A4E4105C-59A1-49B5-A7C5-40C4547EDFEE): 0
LogDevObjectVersion:   Dev-Online (39C831C9-5AE6-47DC-9A44-9C173E1C8E7C): 0
LogDevObjectVersion:   Dev-Physics (78F01B33-EBEA-4F98-B9B4-84EACCB95AA2): 0
LogDevObjectVersion:   Dev-Platform (6631380F-2D4D-43E0-8009-CF276956A95A): 0
LogDevObjectVersion:   Dev-Rendering (12F88B9F-8875-4AFC-A67C-D90C383ABD29): 15
LogDevObjectVersion:   Dev-Sequencer (7B5AE74C-D270-4C10-A958-57980B212A5A): 4
LogDevObjectVersion:   Dev-VR (D7296918-1DD6-4BDD-9DE2-64A83CC13884): 0
LogDevObjectVersion:   Dev-LoadTimes (C2A15278-BFE7-4AFE-6C17-90FF531DF755): 1
LogDevObjectVersion:   Private-Geometry (6EACA3D4-40EC-4CC1-B786-8BED09428FC5): 1
LogDevObjectVersion:   Dev-AnimPhys (29E575DD-E0A3-4627-9D10-D276232CDCEA): 3
LogInit: Compiled (64-bit): Jun 29 2017 02:03:24
LogInit: Compiled with Visual C++: 19.00.24215.01
LogInit: Build Configuration: Development
LogInit: Branch Name: ++UE4+Release-4.16
LogInit: Command line: -EpicPortal 
LogInit: Base directory: C:/Program Files/Epic Games/UE_4.16/Engine/Binaries/Win64/
LogInit: Installed Engine Build: 1
LogInit: Presizing for max 8388607 objects, including 0 objects not considered by GC, pre-allocating 0 bytes for permanent pool.
LogInit: Object subsystem initialized
[2017.07.05-15.37.54:594][  0]LogInit: Selected Device Profile: [Windows]
[2017.07.05-15.37.54:594][  0]LogInit: Applying CVar settings loaded from the selected device profile: [Windows]
[2017.07.05-15.37.54:679][  0]LogInit: Computer: VAIO
[2017.07.05-15.37.54:679][  0]LogInit: User: Małgosia
[2017.07.05-15.37.54:679][  0]LogInit: CPU Page size=4096, Cores=2
[2017.07.05-15.37.54:679][  0]LogInit: High frequency timer resolution =1.753831 MHz
[2017.07.05-15.37.54:681][  0]LogMemory: Memory total: Physical=5.9GB (6GB approx)
[2017.07.05-15.37.54:681][  0]LogMemory: Platform Memory Stats for Windows
[2017.07.05-15.37.54:681][  0]LogMemory: Process Physical Memory: 271.96 MB used, 271.96 MB peak
[2017.07.05-15.37.54:681][  0]LogMemory: Process Virtual Memory: 258.55 MB used, 258.55 MB peak
[2017.07.05-15.37.54:681][  0]LogMemory: Physical Memory: 3284.84 MB used,  2737.96 MB free, 6022.80 MB total
[2017.07.05-15.37.54:681][  0]LogMemory: Virtual Memory: 634.22 MB used,  2737.96 MB free, 134217728.00 MB total
[2017.07.05-15.37.54:873][  0]LogInit: Using OS detected language (pl-PL).
[2017.07.05-15.37.54:873][  0]LogInit: Using OS detected locale (pl-PL).
[2017.07.05-15.37.55:199][  0]LogTextLocalizationManager: No localization for 'pl-PL' exists, so 'en' will be used for the language.
[2017.07.05-15.37.55:199][  0]LogTextLocalizationManager: No localization for 'pl-PL' exists, so 'en' will be used for the locale.
[2017.07.05-15.38.09:734][  0]LogD3D11RHI: D3D11 adapters:
[2017.07.05-15.38.09:779][  0]LogD3D11RHI:    0. 'NVIDIA GeForce GT 740M' (Feature Level 11_0)
[2017.07.05-15.38.09:779][  0]LogD3D11RHI:       975/0/3011 MB DedicatedVideo/DedicatedSystem/SharedSystem, Outputs:1, VendorId:0x10de
[2017.07.05-15.38.09:786][  0]LogD3D11RHI:    1. 'Intel(R) HD Graphics 4000' (Feature Level 11_0)
[2017.07.05-15.38.09:786][  0]LogD3D11RHI:       32/0/1760 MB DedicatedVideo/DedicatedSystem/SharedSystem, Outputs:0, VendorId:0x8086
[2017.07.05-15.38.09:789][  0]LogD3D11RHI:    2. 'Microsoft Basic Render Driver' (Feature Level 11_0)
[2017.07.05-15.38.09:789][  0]LogD3D11RHI:       0/0/3011 MB DedicatedVideo/DedicatedSystem/SharedSystem, Outputs:0, VendorId:0x1414
[2017.07.05-15.38.09:789][  0]LogD3D11RHI: Chosen D3D11 Adapter: 0
[2017.07.05-15.38.09:798][  0]LogD3D11RHI: Creating new Direct3DDevice
[2017.07.05-15.38.09:798][  0]LogD3D11RHI:     GPU DeviceId: 0x1292 (for the marketing name, search the web for "GPU Device Id")
[2017.07.05-15.38.09:798][  0]LogWindows: EnumDisplayDevices:
[2017.07.05-15.38.09:798][  0]LogWindows:    0. 'Intel(R) HD Graphics 4000' (P:1 D:1)
[2017.07.05-15.38.09:799][  0]LogWindows:    1. 'Intel(R) HD Graphics 4000' (P:0 D:0)
[2017.07.05-15.38.09:800][  0]LogWindows:    2. 'Intel(R) HD Graphics 4000' (P:0 D:0)
[2017.07.05-15.38.09:800][  0]LogWindows: DebugString: PrimaryIsNotTheChoosenAdapter PrimaryIsNotTheChoosenAdapter PrimaryIsNotTheChoosenAdapter FoundDriverCount:0 
[2017.07.05-15.38.09:800][  0]LogD3D11RHI:     Adapter Name: NVIDIA GeForce GT 740M
[2017.07.05-15.38.09:800][  0]LogD3D11RHI:   Driver Version: Unknown (internal:Unknown, unified:Unknown)
[2017.07.05-15.38.09:800][  0]LogD3D11RHI:      Driver Date: Unknown
[2017.07.05-15.38.09:800][  0]LogRHI: Texture pool is 683 MB (70% of 975 MB)
[2017.07.05-15.38.10:089][  0]LogD3D11RHI: Async texture creation enabled
[2017.07.05-15.38.10:111][  0]LogD3D11RHI: GPU Timing Frequency: 1000.000000 (Debug: 2 1)
[2017.07.05-15.38.10:114][  0]LogShaderCompilers: Guid format shader working directory is -18 characters bigger than the processId version (../../../../../../Users/Małgosia/Documents/Unreal Projects/demogra/Intermediate/Shaders/WorkingDirectory/11512/).
[2017.07.05-15.38.10:115][  0]LogShaderCompilers: Cleaned the shader compiler working directory 'C:/Users/Małgosia/AppData/Local/Temp/UnrealShaderWorkingDir/2E949903427D9AFF768CE98F5B1C1DCB/'.
[2017.07.05-15.38.10:115][  0]LogShaderCompilers:Display: Using Local Shader Compiler.
[2017.07.05-15.38.16:669][  0]LogTemp:Display: Loaded TP AllDesktopTargetPlatform
[2017.07.05-15.38.16:796][  0]LogTemp:Display: Loaded TP MacClientTargetPlatform
[2017.07.05-15.38.16:924][  0]LogTemp:Display: Loaded TP MacNoEditorTargetPlatform
[2017.07.05-15.38.17:054][  0]LogTemp:Display: Loaded TP MacServerTargetPlatform
[2017.07.05-15.38.17:217][  0]LogTemp:Display: Loaded TP MacTargetPlatform
[2017.07.05-15.38.17:346][  0]LogTemp:Display: Loaded TP WindowsClientTargetPlatform
[2017.07.05-15.38.17:473][  0]LogTemp:Display: Loaded TP WindowsNoEditorTargetPlatform
[2017.07.05-15.38.17:606][  0]LogTemp:Display: Loaded TP WindowsServerTargetPlatform
[2017.07.05-15.38.17:720][  0]LogTemp:Display: Loaded TP WindowsTargetPlatform
[2017.07.05-15.38.17:862][  0]LogTemp:Display: Loaded TP AndroidTargetPlatform
[2017.07.05-15.38.17:987][  0]LogTemp:Display: Loaded TP Android_ASTCTargetPlatform
[2017.07.05-15.38.18:117][  0]LogTemp:Display: Loaded TP Android_ATCTargetPlatform
[2017.07.05-15.38.18:244][  0]LogTemp:Display: Loaded TP Android_DXTTargetPlatform
[2017.07.05-15.38.18:367][  0]LogTemp:Display: Loaded TP Android_ETC1TargetPlatform
[2017.07.05-15.38.18:498][  0]LogTemp:Display: Loaded TP Android_ETC2TargetPlatform
[2017.07.05-15.38.18:762][  0]LogTemp:Display: Loaded TP Android_MultiTargetPlatform
[2017.07.05-15.38.18:763][  0]LogTemp:Display: Loaded TP Android_PVRTCTargetPlatform
[2017.07.05-15.38.18:872][  0]LogTemp:Display: Loaded TP HTML5TargetPlatform
[2017.07.05-15.38.19:115][  0]LogTemp:Display: Loaded TP IOSTargetPlatform
[2017.07.05-15.38.19:188][  0]LogTemp:Display: Loaded TP TVOSTargetPlatform
[2017.07.05-15.38.19:311][  0]LogTemp:Display: Loaded TP LinuxClientTargetPlatform
[2017.07.05-15.38.19:437][  0]LogTemp:Display: Loaded TP LinuxNoEditorTargetPlatform
[2017.07.05-15.38.19:564][  0]LogTemp:Display: Loaded TP LinuxServerTargetPlatform
[2017.07.05-15.38.19:710][  0]LogTemp:Display: Loaded TP LinuxTargetPlatform
[2017.07.05-15.38.19:711][  0]LogTargetPlatformManager:Display: Building Assets For Windows
[2017.07.05-15.38.20:967][  0]LogDerivedDataCache:Display: Max Cache Size: 512 MB
[2017.07.05-15.38.21:133][  0]LogDerivedDataCache: Loaded boot cache 0.17s 90MB C:/Users/Małgosia/AppData/Local/UnrealEngine/4.16/DerivedDataCache/Boot.ddc.
[2017.07.05-15.38.21:134][  0]LogDerivedDataCache:Display: Loaded Boot cache: C:/Users/Małgosia/AppData/Local/UnrealEngine/4.16/DerivedDataCache/Boot.ddc
[2017.07.05-15.38.21:134][  0]LogDerivedDataCache: FDerivedDataBackendGraph:  Pak pak cache file ../../../../../../Users/Małgosia/Documents/Unreal Projects/demogra/DerivedDataCache/DDC.ddp not found, will not use a pak cache.
[2017.07.05-15.38.21:134][  0]LogDerivedDataCache: Unable to find inner node Pak for hierarchical cache Hierarchy.
[2017.07.05-15.38.21:134][  0]LogDerivedDataCache: FDerivedDataBackendGraph:  CompressedPak pak cache file ../../../../../../Users/Małgosia/Documents/Unreal Projects/demogra/DerivedDataCache/Compressed.ddp not found, will not use a pak cache.
[2017.07.05-15.38.21:134][  0]LogDerivedDataCache: Unable to find inner node CompressedPak for hierarchical cache Hierarchy.
[2017.07.05-15.38.21:169][  0]LogDerivedDataCache:Display: Pak cache opened for reading ../../../Engine/DerivedDataCache/Compressed.ddp.
[2017.07.05-15.38.21:182][  0]LogDerivedDataCache: Using Local data cache path C:/Users/Małgosia/AppData/Local/UnrealEngine/Common/DerivedDataCache: Writable
[2017.07.05-15.38.21:206][  0]LogMaterial: Verifying Global Shaders for PCD3D_SM5
[2017.07.05-15.38.21:206][  0]LogSlate: Using Freetype 2.6.0
[2017.07.05-15.38.21:239][  0]LogSlate: SlateFontCache - WITH_FREETYPE: 1, WITH_HARFBUZZ: 1
[2017.07.05-15.38.21:239][  0]LogSlate: SlateFontCache - WITH_FREETYPE: 1, WITH_HARFBUZZ: 1
[2017.07.05-15.38.26:867][  0]LogInit: Selected Device Profile: [Windows]
[2017.07.05-15.38.27:020][  0]LogContentStreaming: Texture pool size is 0.00 MB
[2017.07.05-15.38.27:410][  0]LogMeshUtilities: Using QuadricMeshReduction for automatic static mesh reduction
[2017.07.05-15.38.27:527][  0]LogSimplygon: Simplygon DLL not present - disabling.
[2017.07.05-15.38.27:651][  0]LogMeshUtilities: Using SimplygonSwarm for distributed automatic mesh merging
[2017.07.05-15.38.27:651][  0]LogMeshUtilities: No automatic skeletal mesh reduction module available
[2017.07.05-15.38.27:651][  0]LogMeshUtilities: No automatic mesh merging module available
[2017.07.05-15.38.29:135][  0]LogNetVersion: demogra , NetCL: 3452394, EngineNetVer: 2, GameNetVer: 0 (Checksum: 1491530041)
[2017.07.05-15.38.29:249][  0]LogAssetRegistry: FAssetRegistry took 0.0303 seconds to start up
[2017.07.05-15.38.29:406][  0]LogPackageLocalizationCache: Processed 4 localized package path(s) for 1 prioritized culture(s) in 0.101489 seconds
[2017.07.05-15.38.29:416][  0]LogUObjectArray: 34194 objects as part of root set at end of initial load.
[2017.07.05-15.38.29:416][  0]LogUObjectAllocator: 7260424 out of 0 bytes used by permanent object pool.
[2017.07.05-15.38.29:416][  0]LogUObjectArray: CloseDisregardForGC: 0/0 objects in disregard for GC pool
[2017.07.05-15.38.29:571][  0]LogInit: WinSock: version 1.1 (2.2), MaxSocks=32767, MaxUdp=65467
[2017.07.05-15.39.54:111][  0]LogTcpMessaging: Initializing TcpMessaging bridge
[2017.07.05-15.39.54:240][  0]LogUdpMessaging: Initializing bridge on interface 0.0.0.0:0 to multicast group 230.0.0.1:6666.
[2017.07.05-15.39.57:188][  0]LogMaterial: Uniform references updated for custom material expression Custom.
[2017.07.05-15.39.58:367][  0]SourceControl: Info Source control is disabled
[2017.07.05-15.39.58:432][  0]SourceControl: Info Source control is disabled
[2017.07.05-15.39.58:570][  0]SourceControl: Info Source control is disabled
[2017.07.05-15.39.58:747][  0]SourceControl: Info Source control is disabled
[2017.07.05-15.40.01:510][  0]LogAndroidPermission: UAndroidPermissionCallbackProxy::GetInstance
[2017.07.05-15.40.07:535][  0]LogEngine: Initializing Engine...
[2017.07.05-15.40.07:537][  0]LogHMD: Failed to initialize OpenVR with code 110
[2017.07.05-15.40.08:082][  0]LogStats: UGameplayTagsManager::ConstructGameplayTagTree: Construct from data asset -  0.000 s
[2017.07.05-15.40.08:082][  0]LogStats: UGameplayTagsManager::ConstructGameplayTagTree: GameplayTagTreeChangedEvent.Broadcast -  0.000 s
[2017.07.05-15.40.09:366][  0]LogAIModule: Creating AISystem for world Untitled
[2017.07.05-15.40.09:535][  0]LogInit: XAudio2 using 'Głośnik/Słuchawki (Realtek High Definition Audio)' : 2 channels at 44.1 kHz using 16 bits per sample (channel mask 0x3)
[2017.07.05-15.40.10:215][  0]LogInit: FAudioDevice initialized.
[2017.07.05-15.40.10:326][  0]LogDerivedDataCache: Saved boot cache 0.11s 90MB C:/Users/Małgosia/AppData/Local/UnrealEngine/4.16/DerivedDataCache/Boot.ddc.
[2017.07.05-15.40.10:340][  0]LogInit: Texture streaming: Enabled
[2017.07.05-15.40.10:629][  0]LogEngineSessionManager: EngineSessionManager initialized
[2017.07.05-15.40.11:884][  0]LogInit: Transaction tracking system initialized
[2017.07.05-15.40.12:830][  0]BlueprintLog: New page: Editor Load
[2017.07.05-15.40.16:422][  0]LocalizationService: Info Localization service is disabled
[2017.07.05-15.40.19:524][  0]LogConsoleResponse:Display: 
[2017.07.05-15.40.20:021][  0]LogFileCache: Scanning file cache for directory 'C:/Users/Małgosia/Documents/Unreal Projects/demogra/Content/' took 0.01s
[2017.07.05-15.40.20:021][  0]LogCook:Display: Max memory allowance for cook 16384mb min free memory 0mb
[2017.07.05-15.40.20:021][  0]LogCook:Display: Mobile HDR setting 1
[2017.07.05-15.40.24:561][  0]SourceControl: Info Source control is disabled
[2017.07.05-15.40.24:561][  0]Cmd: MAP LOAD FILE="../../../Engine/Content/Maps/Templates/Template_Default.umap" TEMPLATE=1 SHOWPROGRESS=1 FEATURELEVEL=3
[2017.07.05-15.40.24:562][  0]LightingResults: New page: Lighting Build
[2017.07.05-15.40.24:714][  0]MapCheck: New page: Map Check
[2017.07.05-15.40.24:714][  0]LightingResults: New page: Lighting Build
[2017.07.05-15.40.25:421][  0]LogAIModule: Creating AISystem for world Untitled_1
[2017.07.05-15.40.25:423][  0]LogActorComponent: RegisterComponentWithWorld: (/Temp/Untitled_1.Untitled_1:PersistentLevel.WorldSettings_1.StaticMeshComponent0) Trying to register component with IsPendingKill() == true. Aborting.
[2017.07.05-15.40.25:436][  0]LogEditorServer: Finished looking for orphan Actors (0.000 secs)
[2017.07.05-15.40.25:501][  0]Cmd: MAP CHECKDEP NOCLEARLOG
[2017.07.05-15.40.25:675][  0]MapCheck: Info Map check complete: 0 Error(s), 0 Warning(s), took 173.839ms to complete.
[2017.07.05-15.40.25:675][  0]LogFileHelpers: Loading map 'Template_Default' took 1.114
[2017.07.05-15.40.25:755][  0]LogWindowsTextInputMethodSystem:Display: IME system now deactivated.
[2017.07.05-15.40.27:469][  0]LogCollectionManager: Loaded 0 collections in 0.002779 seconds
[2017.07.05-15.40.27:830][  0]LogFileCache: Scanning file cache for directory 'C:/Users/Małgosia/Documents/Unreal Projects/demogra/Saved/Collections/' took 0.01s
[2017.07.05-15.40.27:830][  0]LogFileCache: Scanning file cache for directory 'C:/Users/Małgosia/Documents/Unreal Projects/demogra/Content/Developers/Małgosia/Collections/' took 0.01s
[2017.07.05-15.40.27:830][  0]LogFileCache: Scanning file cache for directory 'C:/Users/Małgosia/Documents/Unreal Projects/demogra/Content/Collections/' took 0.01s
[2017.07.05-15.40.27:830][  0]LogCollectionManager: Rebuilt the GUID cache for 0 collections in 0.000003 seconds
[2017.07.05-15.40.27:856][  0]LogContentBrowser: Native class hierarchy populated in 0.0248 seconds. Added 2329 classes and 491 folders.
[2017.07.05-15.40.28:178][  0]LogContentBrowser: Native class hierarchy updated for 'WidgetCarousel' in 0.0011 seconds. Added 0 classes and 0 folders.
[2017.07.05-15.40.30:794][  0]LogContentBrowser: Native class hierarchy updated for 'AddContentDialog' in 0.0018 seconds. Added 0 classes and 0 folders.
[2017.07.05-15.40.31:073][  0]LogContentBrowser: Native class hierarchy updated for 'SceneOutliner' in 0.0012 seconds. Added 1 classes and 2 folders.
[2017.07.05-15.40.31:539][  0]LogCrashTracker: Crashtracker disabled due to settings.
[2017.07.05-15.40.31:655][  0]LogSlate: Took 0.000426 seconds to synchronously load lazily loaded font '../../../Engine/Content/Slate/Fonts/Roboto-Regular.ttf' (155K)
[2017.07.05-15.40.31:660][  0]LogSlate: Took 0.000452 seconds to synchronously load lazily loaded font '../../../Engine/Content/Slate/Fonts/Roboto-Bold.ttf' (160K)
[2017.07.05-15.40.31:724][  0]LogSlate: Took 0.032056 seconds to synchronously load lazily loaded font '../../../Engine/Content/Editor/Slate/Fonts/FontAwesome.ttf' (139K)
[2017.07.05-15.40.32:272][  0]LogRenderer: Reallocating scene render targets to support 856x372 NumSamples 1 (Frame:1).
[2017.07.05-15.40.33:196][  0]LogUObjectGlobals:Warning: Failed to find object 'Class None.'
[2017.07.05-15.40.33:389][  0]LogContentBrowser: Native class hierarchy updated for 'HierarchicalLODOutliner' in 0.0012 seconds. Added 1 classes and 2 folders.
[2017.07.05-15.40.33:389][  0]LogLoad: (Engine Initialization) Total time: 167.87 seconds
[2017.07.05-15.40.33:389][  0]LogLoad: (Engine Initialization) Total Blueprint compile time: 0.46 seconds
[2017.07.05-15.40.33:389][  0]LogExternalProfiler: No external profilers were discovered.  External profiling features will not be available.
[2017.07.05-15.40.33:447][  0]LogOcInput: OculusInput pre-init called
[2017.07.05-15.40.33:447][  0]LogHMD: Starting GearVRController plugin
[2017.07.05-15.40.33:615][  0]LogContentStreaming: Texture pool size now 1000 MB
[2017.07.05-15.40.33:774][  1]LogAssetRegistry: Asset discovery search completed in 124.5468 seconds
[2017.07.05-15.40.33:779][  1]LogCollectionManager: Rebuilt the object cache for 0 collections in 0.000002 seconds (found 0 objects)
[2017.07.05-15.40.33:779][  1]LogCollectionManager: Fixed up redirectors for 0 collections in 0.000095 seconds (updated 0 objects)
[2017.07.05-15.40.59:208][930]Cmd: ACTOR SELECT ALL
[2017.07.05-15.41.00:421][930]Cmd: DELETE
[2017.07.05-15.41.00:421][930]Cmd: ACTOR DELETE
[2017.07.05-15.41.00:421][930]LogEditorActor: Cannot delete special actor Brush /Temp/Untitled_1.Untitled_1:PersistentLevel.Brush_1
[2017.07.05-15.41.00:422][930]LogEditorActor: Cannot delete special actor WorldSettings /Temp/Untitled_1.Untitled_1:PersistentLevel.WorldSettings_1
[2017.07.05-15.41.00:422][930]LogEditorActor: Deleted Actor: InstancedFoliageActor
[2017.07.05-15.41.00:495][930]LogEditorActor: Deleted Actor: StaticMeshActor
[2017.07.05-15.41.00:496][930]LogEditorActor: Deleted Actor: AtmosphericFog
[2017.07.05-15.41.03:371][930]LogEditorActor: Deleted Actor: DirectionalLight
[2017.07.05-15.41.03:372][930]LogEditorActor: Deleted Actor: PlayerStart
[2017.07.05-15.41.03:374][930]LogEditorActor: Deleted Actor: BP_Sky_Sphere_C
[2017.07.05-15.41.03:488][930]LogEditorActor: Deleted 6 Actors (3.066 secs)
[2017.07.05-15.41.10:666][162]LogSlate: Took 0.000330 seconds to synchronously load lazily loaded font '../../../Engine/Content/Slate/Fonts/Roboto-Light.ttf' (159K)
[2017.07.05-15.41.12:199][162]Cmd: OBJ SAVEPACKAGE PACKAGE="/Game/NewMap" FILE="../../../../../../Users/Małgosia/Documents/Unreal Projects/demogra/Content/NewMap.umap" SILENT=true AUTOSAVING=false KEEPDIRTY=false
[2017.07.05-15.41.12:481][162]LogSavePackage: Save=173.07ms
[2017.07.05-15.41.12:481][162]LogSavePackage: Moving '../../../../../../Users/Małgosia/Documents/Unreal Projects/demogra/Saved/NewMap168F80D542CB133198AF58B235245DB6.tmp' to '../../../../../../Users/Małgosia/Documents/Unreal Projects/demogra/Content/NewMap.umap'
[2017.07.05-15.41.12:494][162]LogSavePackage:Display: Finished SavePackage ../../../../../../Users/Małgosia/Documents/Unreal Projects/demogra/Content/NewMap.umap
[2017.07.05-15.41.12:582][162]LogFileHelpers: Saving map 'NewMap' took 2.145
[2017.07.05-15.41.12:698][166]LogSlate: Took 0.000360 seconds to synchronously load lazily loaded font '../../../Engine/Content/Slate/Fonts/Roboto-Light.ttf' (159K)
[2017.07.05-15.41.21:505][868]LogSourceControl:Error: '../../../../../../Users/Małgosia/Documents/Unreal Projects/demogra/' is not part of a Git repository
[2017.07.05-15.41.29:559][492]SourceControl: Info Source control is disabled
[2017.07.05-15.44.04:527][ 61]LogRenderer: Reallocating scene render targets to support 856x396 NumSamples 1 (Frame:3233).
